2019/01/30-16:44 [main] INFO  com.dingding.ManageStudio.ManageStudioApplication- Starting ManageStudioApplication on rgbr-javavm with PID 5932 (C:\Users\sumuth\Downloads\ManageStudio\target\classes started by sumuth in C:\Users\sumuth\Downloads\ManageStudio)
2019/01/30-16:44 [main] INFO  com.dingding.ManageStudio.ManageStudioApplication- No active profile set, falling back to default profiles: default
2019/01/30-16:44 [main] INFO  org.springframework.boot.web.embedded.tomcat.TomcatWebServer- Tomcat initialized with port(s): 8080 (http)
2019/01/30-16:44 [main] INFO  org.apache.catalina.core.StandardService- Starting service [Tomcat]
2019/01/30-16:44 [main] INFO  org.apache.catalina.core.StandardEngine- Starting Servlet engine: [Apache Tomcat/9.0.14]
2019/01/30-16:44 [main] INFO  org.apache.catalina.core.AprLifecycleListener- The APR based Apache Tomcat Native library which allows optimal performance in production environments was not found on the java.library.path: [C:\Program Files\Java\jre1.8.0_201\bin;C:\windows\Sun\Java\bin;C:\windows\system32;C:\windows;C:/Program Files/Java/jre1.8.0_201/bin/server;C:/Program Files/Java/jre1.8.0_201/bin;C:/Program Files/Java/jre1.8.0_201/lib/amd64;C:\Program Files (x86)\Common Files\Oracle\Java\javapath;C:\windows\system32;C:\windows;C:\windows\System32\Wbem;C:\windows\System32\WindowsPowerShell\v1.0\;C:\Program Files\Java\jdk1.8.0_201\bin;C:\Program Files\Java\jdk1.8.0_201\jre\bin;C:\Users\sumuth\AppData\Local\Microsoft\WindowsApps;;C:\eclipse;;.]
2019/01/30-16:44 [main] INFO  org.apache.catalina.core.ContainerBase.[Tomcat].[localhost].[/]- Initializing Spring embedded WebApplicationContext
2019/01/30-16:44 [main] INFO  org.springframework.web.context.ContextLoader- Root WebApplicationContext: initialization completed in 2055 ms
2019/01/30-16:44 [main] INFO  org.springframework.scheduling.concurrent.ThreadPoolTaskExecutor- Initializing ExecutorService 'applicationTaskExecutor'
2019/01/30-16:44 [main] INFO  org.springframework.boot.web.embedded.tomcat.TomcatWebServer- Tomcat started on port(s): 8080 (http) with context path ''
2019/01/30-16:44 [main] INFO  com.dingding.ManageStudio.ManageStudioApplication- Started ManageStudioApplication in 3.462 seconds (JVM running for 4.009)
2019/01/30-16:44 [http-nio-8080-exec-1] INFO  org.apache.catalina.core.ContainerBase.[Tomcat].[localhost].[/]- Initializing Spring DispatcherServlet 'dispatcherServlet'
2019/01/30-16:44 [http-nio-8080-exec-1] INFO  org.springframework.web.servlet.DispatcherServlet- Initializing Servlet 'dispatcherServlet'
2019/01/30-16:44 [http-nio-8080-exec-1] INFO  org.springframework.web.servlet.DispatcherServlet- Completed initialization in 122 ms
2019/01/30-16:44 [http-nio-8080-exec-1] INFO  com.dingding.ManageStudio.controller.SignInController- success
2019/01/30-16:45 [http-nio-8080-exec-7] INFO  com.dingding.ManageStudio.controller.SignInController- success
2019/01/30-16:45 [http-nio-8080-exec-2] INFO  com.dingding.ManageStudio.controller.SignInController- success
2019/01/30-16:45 [http-nio-8080-exec-6] INFO  com.dingding.ManageStudio.controller.SignInController- success
2019/01/30-16:45 [http-nio-8080-exec-10] INFO  com.dingding.ManageStudio.controller.SignInController- success
2019/01/30-18:20 [main] INFO  com.dingding.ManageStudio.ManageStudioApplication- Starting ManageStudioApplication on rgbr-javavm with PID 2620 (C:\Users\sumuth\Downloads\ManageStudio\target\classes started by sumuth in C:\Users\sumuth\Downloads\ManageStudio)
2019/01/30-18:20 [main] INFO  com.dingding.ManageStudio.ManageStudioApplication- No active profile set, falling back to default profiles: default
2019/01/30-18:20 [main] INFO  org.springframework.boot.web.embedded.tomcat.TomcatWebServer- Tomcat initialized with port(s): 8080 (http)
2019/01/30-18:20 [main] INFO  org.apache.catalina.core.StandardService- Starting service [Tomcat]
2019/01/30-18:20 [main] INFO  org.apache.catalina.core.StandardEngine- Starting Servlet engine: [Apache Tomcat/9.0.14]
2019/01/30-18:20 [main] INFO  org.apache.catalina.core.AprLifecycleListener- The APR based Apache Tomcat Native library which allows optimal performance in production environments was not found on the java.library.path: [C:\Program Files\Java\jre1.8.0_201\bin;C:\windows\Sun\Java\bin;C:\windows\system32;C:\windows;C:/Program Files/Java/jre1.8.0_201/bin/server;C:/Program Files/Java/jre1.8.0_201/bin;C:/Program Files/Java/jre1.8.0_201/lib/amd64;C:\Program Files (x86)\Common Files\Oracle\Java\javapath;C:\windows\system32;C:\windows;C:\windows\System32\Wbem;C:\windows\System32\WindowsPowerShell\v1.0\;C:\Program Files\Java\jdk1.8.0_201\bin;C:\Program Files\Java\jdk1.8.0_201\jre\bin;C:\Users\sumuth\AppData\Local\Microsoft\WindowsApps;;C:\eclipse;;.]
2019/01/30-18:20 [main] INFO  org.apache.catalina.core.ContainerBase.[Tomcat].[localhost].[/]- Initializing Spring embedded WebApplicationContext
2019/01/30-18:20 [main] INFO  org.springframework.web.context.ContextLoader- Root WebApplicationContext: initialization completed in 2146 ms
2019/01/30-18:20 [main] INFO  org.springframework.beans.factory.annotation.AutowiredAnnotationBeanPostProcessor- Autowired annotation is not supported on static fields: private static java.lang.String com.dingding.ManageStudio.controller.SignInController.app_key
2019/01/30-18:20 [main] INFO  org.springframework.beans.factory.annotation.AutowiredAnnotationBeanPostProcessor- Autowired annotation is not supported on static fields: private static java.lang.String com.dingding.ManageStudio.controller.SignInController.app_secret
2019/01/30-18:20 [main] INFO  org.springframework.scheduling.concurrent.ThreadPoolTaskExecutor- Initializing ExecutorService 'applicationTaskExecutor'
2019/01/30-18:20 [main] INFO  org.springframework.boot.web.embedded.tomcat.TomcatWebServer- Tomcat started on port(s): 8080 (http) with context path ''
2019/01/30-18:20 [main] INFO  com.dingding.ManageStudio.ManageStudioApplication- Started ManageStudioApplication in 3.625 seconds (JVM running for 4.108)
2019/01/30-18:20 [http-nio-8080-exec-2] INFO  org.apache.catalina.core.ContainerBase.[Tomcat].[localhost].[/]- Initializing Spring DispatcherServlet 'dispatcherServlet'
2019/01/30-18:20 [http-nio-8080-exec-2] INFO  org.springframework.web.servlet.DispatcherServlet- Initializing Servlet 'dispatcherServlet'
2019/01/30-18:20 [http-nio-8080-exec-2] INFO  org.springframework.web.servlet.DispatcherServlet- Completed initialization in 7 ms
2019/01/30-18:20 [http-nio-8080-exec-2] INFO  com.dingding.ManageStudio.helper.HttpClientHelper- Get requestUrl is :https://oapi.dingtalk.com/gettoken?appsecret=null&appkey=null
2019/01/30-18:25 [main] INFO  com.dingding.ManageStudio.ManageStudioApplication- Starting ManageStudioApplication on rgbr-javavm with PID 3264 (C:\Users\sumuth\Downloads\ManageStudio\target\classes started by sumuth in C:\Users\sumuth\Downloads\ManageStudio)
2019/01/30-18:25 [main] INFO  com.dingding.ManageStudio.ManageStudioApplication- No active profile set, falling back to default profiles: default
2019/01/30-18:25 [main] INFO  org.springframework.boot.web.embedded.tomcat.TomcatWebServer- Tomcat initialized with port(s): 8080 (http)
2019/01/30-18:25 [main] INFO  org.apache.catalina.core.StandardService- Starting service [Tomcat]
2019/01/30-18:25 [main] INFO  org.apache.catalina.core.StandardEngine- Starting Servlet engine: [Apache Tomcat/9.0.14]
2019/01/30-18:25 [main] INFO  org.apache.catalina.core.AprLifecycleListener- The APR based Apache Tomcat Native library which allows optimal performance in production environments was not found on the java.library.path: [C:\Program Files\Java\jre1.8.0_201\bin;C:\windows\Sun\Java\bin;C:\windows\system32;C:\windows;C:/Program Files/Java/jre1.8.0_201/bin/server;C:/Program Files/Java/jre1.8.0_201/bin;C:/Program Files/Java/jre1.8.0_201/lib/amd64;C:\Program Files (x86)\Common Files\Oracle\Java\javapath;C:\windows\system32;C:\windows;C:\windows\System32\Wbem;C:\windows\System32\WindowsPowerShell\v1.0\;C:\Program Files\Java\jdk1.8.0_201\bin;C:\Program Files\Java\jdk1.8.0_201\jre\bin;C:\Users\sumuth\AppData\Local\Microsoft\WindowsApps;;C:\eclipse;;.]
2019/01/30-18:25 [main] INFO  org.apache.catalina.core.ContainerBase.[Tomcat].[localhost].[/]- Initializing Spring embedded WebApplicationContext
2019/01/30-18:25 [main] INFO  org.springframework.web.context.ContextLoader- Root WebApplicationContext: initialization completed in 1868 ms
2019/01/30-18:25 [main] INFO  org.springframework.scheduling.concurrent.ThreadPoolTaskExecutor- Initializing ExecutorService 'applicationTaskExecutor'
2019/01/30-18:25 [main] INFO  org.springframework.boot.web.embedded.tomcat.TomcatWebServer- Tomcat started on port(s): 8080 (http) with context path ''
2019/01/30-18:25 [main] INFO  com.dingding.ManageStudio.ManageStudioApplication- Started ManageStudioApplication in 3.382 seconds (JVM running for 3.845)
2019/01/30-18:25 [http-nio-8080-exec-1] INFO  org.apache.catalina.core.ContainerBase.[Tomcat].[localhost].[/]- Initializing Spring DispatcherServlet 'dispatcherServlet'
2019/01/30-18:25 [http-nio-8080-exec-1] INFO  org.springframework.web.servlet.DispatcherServlet- Initializing Servlet 'dispatcherServlet'
2019/01/30-18:25 [http-nio-8080-exec-1] INFO  org.springframework.web.servlet.DispatcherServlet- Completed initialization in 13 ms
2019/01/30-18:25 [http-nio-8080-exec-1] INFO  com.dingding.ManageStudio.helper.HttpClientHelper- Get requestUrl is :https://oapi.dingtalk.com/gettoken?appsecret=Zvcgf14tbS_vQ4eaGZVRZMTQlZVj2gJ7X23cLClAjWZ2Gv4wuBpZSsbHBv6dazVy&appkey=dingwryn5vciyuavbooe
